[2018-07-04 22:35:49] START
[2018-07-04 23:01:08] EDIT website/views/default/index.html: -36
[2018-07-04 23:42:15] EDIT website/views/default/index.html: 8
[2018-07-04 23:42:38] EDIT website/views/default/index.html: 2
[2018-07-04 23:46:42] EDIT website/views/default/index.html: 0
[2018-07-04 23:49:03] EDIT website/views/default/index.html: 0
[2018-07-04 23:51:49] EDIT website/views/default/index.html: 0
[2018-07-04 23:52:29] EDIT website/views/default/index.html: 0
[2018-07-04 23:53:25] EDIT website/views/default/index.html: 0
[2018-07-04 23:53:25] EDIT website/views/default/index.html: 0
[2018-07-04 23:53:25] EDIT website/views/default/index.html: 0
[2018-07-05 19:19:05] EDIT website/views/default/index.html: 1
[2018-07-05 19:23:39] EDIT website/views/default/index.html: 1
[2018-07-05 19:24:49] EDIT website/views/default/index.html: 30
[2018-07-05 19:26:57] EDIT website/views/default/index.html: 10
[2018-07-06 16:51:48] EDIT website/views/default/index.html: -9
[2018-07-06 20:14:09] EDIT website/views/default/index.html: -2
[2018-07-06 20:14:34] EDIT website/views/default/index.html: 0
[2018-07-06 20:14:48] EDIT website/views/default/index.html: -1
[2018-07-06 20:15:26] EDIT website/views/default/index.html: 1
[2018-07-06 20:19:09] EDIT website/views/default/index.html: 3
[2018-07-06 20:19:31] EDIT website/views/default/index.html: 0
[2018-07-09 23:58:41] CREATE db1.py: 0
[2018-07-09 23:59:06] EDIT website/models/db1.py: 6
[2018-07-09 23:59:36] EDIT website/views/default/index.html: 1
[2018-07-10 00:02:56] EDIT website/models/db1.py: 0
[2018-07-10 00:04:20] EDIT website/controllers/default.py: 1
[2018-07-10 00:12:28] EDIT website/views/default/index.html: 0
[2018-07-10 00:12:39] EDIT website/views/default/index.html: 0
[2018-07-10 00:13:32] EDIT website/views/default/index.html: 0
[2018-07-10 00:13:34] EDIT website/views/default/index.html: 0
[2018-07-10 00:14:13] EDIT website/views/default/index.html: -2
[2018-07-10 00:28:01] EDIT website/controllers/default.py: 12
[2018-07-10 00:28:18] EDIT website/controllers/default.py: 0
[2018-07-10 00:29:25] EDIT website/controllers/default.py: 0
[2018-07-10 00:30:35] EDIT website/controllers/default.py: 0
[2018-07-10 00:34:59] EDIT website/views/default/index.html: 4
[2018-07-10 00:35:40] EDIT website/controllers/default.py: 0
[2018-07-13 21:08:04] EDIT website/views/default/index.html: 2
[2018-07-13 21:09:34] EDIT website/controllers/default.py: 2
[2018-07-13 21:09:57] EDIT website/views/default/index.html: 1
[2018-07-13 21:12:20] EDIT website/controllers/default.py: 2
[2018-07-13 21:12:47] EDIT website/controllers/default.py: 0
[2018-07-13 21:13:20] EDIT website/controllers/default.py: 0
[2018-07-13 21:13:39] EDIT website/controllers/default.py: -2
[2018-07-13 21:14:57] EDIT website/controllers/default.py: 0
[2018-07-13 21:16:23] EDIT website/controllers/default.py: 0
[2018-07-13 21:19:06] EDIT website/controllers/default.py: 0
[2018-07-13 21:19:37] EDIT website/controllers/default.py: -2
[2018-07-13 22:02:19] EDIT website/controllers/default.py: 0
[2018-07-13 22:04:08] EDIT website/controllers/default.py: 0
[2018-07-13 22:04:22] EDIT website/controllers/default.py: 0
[2018-07-13 22:05:13] EDIT website/views/default/index.html: 0
[2018-07-13 22:05:28] EDIT website/views/default/index.html: 0
[2018-07-13 22:05:49] EDIT website/views/default/index.html: -1
[2018-07-13 22:07:24] EDIT website/controllers/default.py: 5
[2018-07-13 22:17:51] EDIT website/models/db1.py: 1
[2018-07-13 22:20:00] EDIT website/models/db.py: 0
[2018-07-13 22:20:06] EDIT website/models/db.py: 0
[2018-07-13 22:23:32] EDIT website/models/db1.py: 1
[2018-07-13 22:23:34] EDIT website/models/db.py: 0
[2018-07-13 22:25:12] EDIT website/controllers/default.py: 0
[2018-07-13 22:58:01] EDIT website/models/db.py: 0
[2018-07-13 22:58:26] EDIT website/controllers/default.py: 3
[2018-07-13 22:59:03] EDIT website/models/db1.py: -1
[2018-07-13 22:59:28] EDIT website/models/db1.py: 0
[2018-07-13 22:59:37] EDIT website/controllers/default.py: 0
[2018-07-13 22:59:39] EDIT website/models/db1.py: 0
[2018-07-13 23:01:35] EDIT website/models/db1.py: 0
[2018-07-13 23:01:36] EDIT website/models/db1.py: 0
[2018-07-13 23:01:37] EDIT website/models/db1.py: 0
[2018-07-13 23:01:37] EDIT website/models/db1.py: 0
[2018-07-13 23:01:38] EDIT website/models/db1.py: 0
[2018-07-13 23:01:39] EDIT website/models/db1.py: 0
[2018-07-13 23:06:20] EDIT website/controllers/default.py: -5
[2018-07-13 23:07:42] EDIT website/controllers/default.py: -2
[2018-07-13 23:08:07] EDIT website/controllers/default.py: 0
[2018-07-13 23:08:39] EDIT website/controllers/default.py: -1
[2018-07-13 23:10:15] EDIT website/controllers/default.py: 1
[2018-07-13 23:11:59] EDIT website/controllers/default.py: 0
[2018-07-14 00:00:37] EDIT website/controllers/default.py: 2
[2018-07-14 00:02:46] EDIT website/controllers/default.py: 0
[2018-07-14 00:04:06] EDIT website/controllers/default.py: 0
[2018-07-14 00:04:18] EDIT website/controllers/default.py: 0
[2018-07-14 00:04:27] EDIT website/controllers/default.py: 0
[2018-07-14 00:20:21] EDIT website/controllers/default.py: 1
[2018-07-14 09:11:04] EDIT website/controllers/default.py: 0
[2018-07-14 19:11:04] EDIT website/controllers/default.py: 1
[2018-07-14 19:11:12] EDIT website/controllers/default.py: 0
[2018-07-14 19:12:39] EDIT website/controllers/default.py: 0
[2018-07-14 19:14:30] EDIT website/controllers/default.py: 0
[2018-07-14 19:18:15] EDIT website/controllers/default.py: 0
[2018-07-14 19:24:06] EDIT website/controllers/default.py: 1
[2018-07-14 19:28:20] EDIT website/controllers/default.py: 0
[2018-07-14 19:29:55] EDIT website/controllers/default.py: -1
[2018-07-14 19:32:26] EDIT website/models/db1.py: 0
[2018-07-14 19:41:29] EDIT website/controllers/default.py: 0
[2018-07-18 18:31:56] EDIT website/models/db1.py: 0
[2018-07-18 18:33:08] EDIT website/controllers/default.py: 0
[2018-07-18 18:38:29] EDIT website/controllers/default.py: 0
[2018-07-18 18:39:52] EDIT website/controllers/default.py: 0
[2018-07-18 18:41:28] EDIT website/controllers/default.py: 0
[2018-07-18 18:45:04] EDIT website/controllers/default.py: 1
[2018-07-18 18:45:28] EDIT website/controllers/default.py: 0
[2018-07-18 18:46:41] EDIT website/controllers/default.py: 0
[2018-07-18 18:50:06] EDIT website/controllers/default.py: 0
[2018-07-18 18:51:59] EDIT website/controllers/default.py: 0
[2018-07-18 18:55:20] EDIT website/controllers/default.py: 0
[2018-07-18 19:00:04] EDIT website/models/db1.py: 0
[2018-07-18 19:05:52] EDIT website/models/db1.py: 0
[2018-07-18 19:08:23] EDIT website/controllers/default.py: 0
[2018-07-18 19:10:17] EDIT website/controllers/default.py: 1
[2018-07-18 19:18:14] EDIT website/controllers/default.py: -1
[2018-07-18 19:38:11] EDIT website/controllers/default.py: 0
[2018-07-18 19:38:20] EDIT website/controllers/default.py: 0
[2018-07-18 19:38:56] EDIT website/controllers/default.py: 0
[2018-07-18 19:40:17] EDIT website/controllers/default.py: -1
[2018-07-18 19:43:37] EDIT website/controllers/default.py: 0
[2018-07-18 19:45:47] EDIT website/controllers/default.py: 0
[2018-07-18 19:45:58] EDIT website/controllers/default.py: 0
[2018-07-18 19:55:13] EDIT website/controllers/default.py: 0
[2018-07-18 19:58:49] EDIT website/controllers/default.py: 0
[2018-07-18 20:00:00] EDIT website/controllers/default.py: 0
[2018-07-18 20:04:58] EDIT website/controllers/default.py: 0
[2018-07-18 20:08:44] EDIT website/controllers/default.py: 0
[2018-07-18 20:09:48] EDIT website/controllers/default.py: 0
[2018-07-18 20:12:06] EDIT website/controllers/default.py: 0
[2018-07-18 20:15:51] EDIT website/controllers/default.py: 1
[2018-07-18 20:17:01] EDIT website/controllers/default.py: 1
[2018-07-18 20:18:30] EDIT website/controllers/default.py: 0
[2018-07-18 20:19:23] EDIT website/controllers/default.py: 0
[2018-07-18 20:20:11] EDIT website/controllers/default.py: 0
[2018-07-18 20:21:36] EDIT website/controllers/default.py: 0
[2018-07-18 20:25:30] EDIT website/controllers/default.py: 0
[2018-07-18 20:26:49] EDIT website/controllers/default.py: 0
[2018-07-18 20:26:57] EDIT website/controllers/default.py: 0
[2018-07-18 20:28:48] EDIT website/controllers/default.py: 0
[2018-07-18 20:29:47] EDIT website/controllers/default.py: 0
[2018-07-18 20:32:08] EDIT website/controllers/default.py: 0
[2018-07-18 20:33:31] EDIT website/controllers/default.py: 0
[2018-07-18 20:35:22] EDIT website/controllers/default.py: 0
[2018-07-18 20:36:46] EDIT website/controllers/default.py: 0
[2018-07-18 22:14:22] EDIT website/controllers/default.py: 0
[2018-07-18 22:58:02] EDIT website/views/default/index.html: 303
[2018-07-18 23:03:15] EDIT website/views/default/index.html: -8
[2018-07-18 23:08:49] EDIT website/views/default/index.html: 16
[2018-07-18 23:17:21] EDIT website/views/default/index.html: 0
[2018-07-18 23:18:09] EDIT website/views/default/index.html: -1
[2018-07-18 23:20:21] EDIT website/views/default/index.html: -4
[2018-07-18 23:20:44] EDIT website/views/default/index.html: 0
[2018-07-18 23:21:32] EDIT website/views/default/index.html: 2
[2018-07-18 23:22:10] EDIT website/views/default/index.html: 1
[2018-07-18 23:22:31] EDIT website/views/default/index.html: 0
[2018-07-18 23:22:50] EDIT website/views/default/index.html: -3
[2018-07-19 18:28:54] EDIT website/views/default/index.html: -4
[2018-07-19 18:30:14] EDIT website/views/default/index.html: -1
[2018-07-19 18:36:03] EDIT website/views/default/index.html: 1
[2018-07-19 18:36:04] EDIT website/views/default/index.html: 0
[2018-07-19 18:40:21] EDIT website/views/default/index.html: 3
[2018-07-19 18:41:39] EDIT website/views/default/index.html: 0
[2018-07-19 18:44:30] EDIT website/views/default/index.html: -3
[2018-07-19 18:45:37] EDIT website/views/default/index.html: 0
[2018-07-19 18:46:22] EDIT website/views/default/index.html: 0
[2018-07-19 18:46:49] EDIT website/views/default/index.html: 0
[2018-07-19 19:03:36] EDIT website/views/default/index.html: 0
